2021-05-16 17:51:25.847  INFO 30360 --- [main] c.u.S.SpringBootRsApplicationTests       : Starting SpringBootRsApplicationTests using Java 11.0.11 on KenDestop-K2AH6RA with PID 30360 (started by knwoy in C:\Users\knwoy\Downloads\SpringBootRS)
2021-05-16 17:51:25.864  INFO 30360 --- [main] c.u.S.SpringBootRsApplicationTests       : No active profile set, falling back to default profiles: default
2021-05-16 17:51:26.886  INFO 30360 --- [main] .s.d.r.c.RepositoryConfigurationDelegate : Bootstrapping Spring Data JPA repositories in DEFAULT mode.
2021-05-16 17:51:26.973  INFO 30360 --- [main] .s.d.r.c.RepositoryConfigurationDelegate : Finished Spring Data repository scanning in 78 ms. Found 1 JPA repository interfaces.
2021-05-16 17:51:28.206  INFO 30360 --- [main] o.hibernate.jpa.internal.util.LogHelper  : HHH000204: Processing PersistenceUnitInfo [name: default]
2021-05-16 17:51:28.296  INFO 30360 --- [main] org.hibernate.Version                    : HHH000412: Hibernate ORM core version 5.4.30.Final
2021-05-16 17:51:28.359  INFO 30360 --- [main] o.hibernate.annotations.common.Version   : HCANN000001: Hibernate Commons Annotations {5.1.2.Final}
2021-05-16 17:51:28.718  INFO 30360 --- [main] com.zaxxer.hikari.HikariDataSource       : HikariPool-1 - Starting...
2021-05-16 17:51:29.144  INFO 30360 --- [main] com.zaxxer.hikari.HikariDataSource       : HikariPool-1 - Start completed.
2021-05-16 17:51:29.167  INFO 30360 --- [main] org.hibernate.dialect.Dialect            : HHH000400: Using dialect: org.hibernate.dialect.MySQL5InnoDBDialect
2021-05-16 17:51:29.795  INFO 30360 --- [main] o.h.e.t.j.p.i.JtaPlatformInitiator       : HHH000490: Using JtaPlatform implementation: [org.hibernate.engine.transaction.jta.platform.internal.NoJtaPlatform]
2021-05-16 17:51:29.806  INFO 30360 --- [main] j.LocalContainerEntityManagerFactoryBean : Initialized JPA EntityManagerFactory for persistence unit 'default'
2021-05-16 17:51:30.141  WARN 30360 --- [main] JpaBaseConfiguration$JpaWebConfiguration : spring.jpa.open-in-view is enabled by default. Therefore, database queries may be performed during view rendering. Explicitly configure spring.jpa.open-in-view to disable this warning
2021-05-16 17:51:30.476  INFO 30360 --- [main] o.s.s.concurrent.ThreadPoolTaskExecutor  : Initializing ExecutorService 'applicationTaskExecutor'
2021-05-16 17:51:30.972  INFO 30360 --- [main] o.s.b.t.m.w.SpringBootMockServletContext : Initializing Spring TestDispatcherServlet ''
2021-05-16 17:51:30.972  INFO 30360 --- [main] o.s.t.web.servlet.TestDispatcherServlet  : Initializing Servlet ''
2021-05-16 17:51:30.973  INFO 30360 --- [main] o.s.t.web.servlet.TestDispatcherServlet  : Completed initialization in 1 ms
2021-05-16 17:51:30.993  INFO 30360 --- [main] c.u.S.SpringBootRsApplicationTests       : Started SpringBootRsApplicationTests in 5.636 seconds (JVM running for 7.307)
2021-05-16 17:51:31.467  INFO 30360 --- [main] c.u.S.Controller.LibraryController       : book doesn't exist, so book is created
2021-05-16 17:51:31.517  INFO 30360 --- [main] c.u.S.Controller.LibraryController       : book doesn't exist, so book is created
2021-05-16 17:51:31.540  INFO 30360 --- [SpringContextShutdownHook] o.s.s.concurrent.ThreadPoolTaskExecutor  : Shutting down ExecutorService 'applicationTaskExecutor'
2021-05-16 17:51:31.541  INFO 30360 --- [SpringContextShutdownHook] j.LocalContainerEntityManagerFactoryBean : Closing JPA EntityManagerFactory for persistence unit 'default'
2021-05-16 17:51:31.543  INFO 30360 --- [SpringContextShutdownHook] com.zaxxer.hikari.HikariDataSource       : HikariPool-1 - Shutdown initiated...
2021-05-16 17:51:31.555  INFO 30360 --- [SpringContextShutdownHook] com.zaxxer.hikari.HikariDataSource       : HikariPool-1 - Shutdown completed.
2021-05-16 18:20:31.006  INFO 17508 --- [main] c.u.S.SpringBootRsApplicationTests       : Starting SpringBootRsApplicationTests using Java 11.0.11 on KenDestop-K2AH6RA with PID 17508 (started by knwoy in C:\Users\knwoy\Downloads\SpringBootRS)
2021-05-16 18:20:31.009  INFO 17508 --- [main] c.u.S.SpringBootRsApplicationTests       : No active profile set, falling back to default profiles: default
2021-05-16 18:20:31.813  INFO 17508 --- [main] .s.d.r.c.RepositoryConfigurationDelegate : Bootstrapping Spring Data JPA repositories in DEFAULT mode.
2021-05-16 18:20:31.882  INFO 17508 --- [main] .s.d.r.c.RepositoryConfigurationDelegate : Finished Spring Data repository scanning in 59 ms. Found 1 JPA repository interfaces.
2021-05-16 18:20:33.007  INFO 17508 --- [main] o.hibernate.jpa.internal.util.LogHelper  : HHH000204: Processing PersistenceUnitInfo [name: default]
2021-05-16 18:20:33.107  INFO 17508 --- [main] org.hibernate.Version                    : HHH000412: Hibernate ORM core version 5.4.30.Final
2021-05-16 18:20:33.171  INFO 17508 --- [main] o.hibernate.annotations.common.Version   : HCANN000001: Hibernate Commons Annotations {5.1.2.Final}
2021-05-16 18:20:33.574  INFO 17508 --- [main] com.zaxxer.hikari.HikariDataSource       : HikariPool-1 - Starting...
2021-05-16 18:20:33.961  INFO 17508 --- [main] com.zaxxer.hikari.HikariDataSource       : HikariPool-1 - Start completed.
2021-05-16 18:20:33.984  INFO 17508 --- [main] org.hibernate.dialect.Dialect            : HHH000400: Using dialect: org.hibernate.dialect.MySQL5InnoDBDialect
2021-05-16 18:20:34.536  INFO 17508 --- [main] o.h.e.t.j.p.i.JtaPlatformInitiator       : HHH000490: Using JtaPlatform implementation: [org.hibernate.engine.transaction.jta.platform.internal.NoJtaPlatform]
2021-05-16 18:20:34.548  INFO 17508 --- [main] j.LocalContainerEntityManagerFactoryBean : Initialized JPA EntityManagerFactory for persistence unit 'default'
2021-05-16 18:20:34.921  WARN 17508 --- [main] JpaBaseConfiguration$JpaWebConfiguration : spring.jpa.open-in-view is enabled by default. Therefore, database queries may be performed during view rendering. Explicitly configure spring.jpa.open-in-view to disable this warning
2021-05-16 18:20:35.247  INFO 17508 --- [main] o.s.s.concurrent.ThreadPoolTaskExecutor  : Initializing ExecutorService 'applicationTaskExecutor'
2021-05-16 18:20:35.810  INFO 17508 --- [main] o.s.b.t.m.w.SpringBootMockServletContext : Initializing Spring TestDispatcherServlet ''
2021-05-16 18:20:35.810  INFO 17508 --- [main] o.s.t.web.servlet.TestDispatcherServlet  : Initializing Servlet ''
2021-05-16 18:20:35.812  INFO 17508 --- [main] o.s.t.web.servlet.TestDispatcherServlet  : Completed initialization in 2 ms
2021-05-16 18:20:35.833  INFO 17508 --- [main] c.u.S.SpringBootRsApplicationTests       : Started SpringBootRsApplicationTests in 5.188 seconds (JVM running for 6.584)
2021-05-16 18:20:36.315  INFO 17508 --- [main] c.u.S.Controller.LibraryController       : book doesn't exist, so book is created
2021-05-16 18:20:36.365  INFO 17508 --- [main] c.u.S.Controller.LibraryController       : book doesn't exist, so book is created
2021-05-16 18:20:36.399  INFO 17508 --- [SpringContextShutdownHook] o.s.s.concurrent.ThreadPoolTaskExecutor  : Shutting down ExecutorService 'applicationTaskExecutor'
2021-05-16 18:20:36.400  INFO 17508 --- [SpringContextShutdownHook] j.LocalContainerEntityManagerFactoryBean : Closing JPA EntityManagerFactory for persistence unit 'default'
2021-05-16 18:20:36.405  INFO 17508 --- [SpringContextShutdownHook] com.zaxxer.hikari.HikariDataSource       : HikariPool-1 - Shutdown initiated...
2021-05-16 18:20:36.420  INFO 17508 --- [SpringContextShutdownHook] com.zaxxer.hikari.HikariDataSource       : HikariPool-1 - Shutdown completed.
2021-05-16 18:21:53.359  INFO 22812 --- [main] c.u.S.SpringBootRsApplicationTests       : Starting SpringBootRsApplicationTests using Java 11.0.11 on KenDestop-K2AH6RA with PID 22812 (started by knwoy in C:\Users\knwoy\Downloads\SpringBootRS)
2021-05-16 18:21:53.363  INFO 22812 --- [main] c.u.S.SpringBootRsApplicationTests       : No active profile set, falling back to default profiles: default
2021-05-16 18:21:54.192  INFO 22812 --- [main] .s.d.r.c.RepositoryConfigurationDelegate : Bootstrapping Spring Data JPA repositories in DEFAULT mode.
2021-05-16 18:21:54.274  INFO 22812 --- [main] .s.d.r.c.RepositoryConfigurationDelegate : Finished Spring Data repository scanning in 71 ms. Found 1 JPA repository interfaces.
2021-05-16 18:21:55.468  INFO 22812 --- [main] o.hibernate.jpa.internal.util.LogHelper  : HHH000204: Processing PersistenceUnitInfo [name: default]
2021-05-16 18:21:55.557  INFO 22812 --- [main] org.hibernate.Version                    : HHH000412: Hibernate ORM core version 5.4.30.Final
2021-05-16 18:21:55.623  INFO 22812 --- [main] o.hibernate.annotations.common.Version   : HCANN000001: Hibernate Commons Annotations {5.1.2.Final}
2021-05-16 18:21:55.987  INFO 22812 --- [main] com.zaxxer.hikari.HikariDataSource       : HikariPool-1 - Starting...
2021-05-16 18:21:56.396  INFO 22812 --- [main] com.zaxxer.hikari.HikariDataSource       : HikariPool-1 - Start completed.
2021-05-16 18:21:56.422  INFO 22812 --- [main] org.hibernate.dialect.Dialect            : HHH000400: Using dialect: org.hibernate.dialect.MySQL5InnoDBDialect
2021-05-16 18:21:57.075  INFO 22812 --- [main] o.h.e.t.j.p.i.JtaPlatformInitiator       : HHH000490: Using JtaPlatform implementation: [org.hibernate.engine.transaction.jta.platform.internal.NoJtaPlatform]
2021-05-16 18:21:57.086  INFO 22812 --- [main] j.LocalContainerEntityManagerFactoryBean : Initialized JPA EntityManagerFactory for persistence unit 'default'
2021-05-16 18:21:57.474  WARN 22812 --- [main] JpaBaseConfiguration$JpaWebConfiguration : spring.jpa.open-in-view is enabled by default. Therefore, database queries may be performed during view rendering. Explicitly configure spring.jpa.open-in-view to disable this warning
2021-05-16 18:21:57.815  INFO 22812 --- [main] o.s.s.concurrent.ThreadPoolTaskExecutor  : Initializing ExecutorService 'applicationTaskExecutor'
2021-05-16 18:21:58.374  INFO 22812 --- [main] o.s.b.t.m.w.SpringBootMockServletContext : Initializing Spring TestDispatcherServlet ''
2021-05-16 18:21:58.374  INFO 22812 --- [main] o.s.t.web.servlet.TestDispatcherServlet  : Initializing Servlet ''
2021-05-16 18:21:58.375  INFO 22812 --- [main] o.s.t.web.servlet.TestDispatcherServlet  : Completed initialization in 1 ms
2021-05-16 18:21:58.398  INFO 22812 --- [main] c.u.S.SpringBootRsApplicationTests       : Started SpringBootRsApplicationTests in 5.399 seconds (JVM running for 6.818)
2021-05-16 18:21:58.842  INFO 22812 --- [main] c.u.S.Controller.LibraryController       : book doesn't exist, so book is created
2021-05-16 18:21:58.911  INFO 22812 --- [main] c.u.S.Controller.LibraryController       : book doesn't exist, so book is created
2021-05-16 18:21:58.969  INFO 22812 --- [SpringContextShutdownHook] o.s.s.concurrent.ThreadPoolTaskExecutor  : Shutting down ExecutorService 'applicationTaskExecutor'
2021-05-16 18:21:58.970  INFO 22812 --- [SpringContextShutdownHook] j.LocalContainerEntityManagerFactoryBean : Closing JPA EntityManagerFactory for persistence unit 'default'
2021-05-16 18:21:58.973  INFO 22812 --- [SpringContextShutdownHook] com.zaxxer.hikari.HikariDataSource       : HikariPool-1 - Shutdown initiated...
2021-05-16 18:21:59.001  INFO 22812 --- [SpringContextShutdownHook] com.zaxxer.hikari.HikariDataSource       : HikariPool-1 - Shutdown completed.
2021-05-16 18:22:31.402  INFO 26808 --- [main] c.u.S.SpringBootRsApplicationTests       : Starting SpringBootRsApplicationTests using Java 11.0.11 on KenDestop-K2AH6RA with PID 26808 (started by knwoy in C:\Users\knwoy\Downloads\SpringBootRS)
2021-05-16 18:22:31.404  INFO 26808 --- [main] c.u.S.SpringBootRsApplicationTests       : No active profile set, falling back to default profiles: default
2021-05-16 18:22:32.208  INFO 26808 --- [main] .s.d.r.c.RepositoryConfigurationDelegate : Bootstrapping Spring Data JPA repositories in DEFAULT mode.
2021-05-16 18:22:32.289  INFO 26808 --- [main] .s.d.r.c.RepositoryConfigurationDelegate : Finished Spring Data repository scanning in 71 ms. Found 1 JPA repository interfaces.
2021-05-16 18:22:33.398  INFO 26808 --- [main] o.hibernate.jpa.internal.util.LogHelper  : HHH000204: Processing PersistenceUnitInfo [name: default]
2021-05-16 18:22:33.489  INFO 26808 --- [main] org.hibernate.Version                    : HHH000412: Hibernate ORM core version 5.4.30.Final
2021-05-16 18:22:33.551  INFO 26808 --- [main] o.hibernate.annotations.common.Version   : HCANN000001: Hibernate Commons Annotations {5.1.2.Final}
2021-05-16 18:22:33.980  INFO 26808 --- [main] com.zaxxer.hikari.HikariDataSource       : HikariPool-1 - Starting...
2021-05-16 18:22:34.351  INFO 26808 --- [main] com.zaxxer.hikari.HikariDataSource       : HikariPool-1 - Start completed.
2021-05-16 18:22:34.376  INFO 26808 --- [main] org.hibernate.dialect.Dialect            : HHH000400: Using dialect: org.hibernate.dialect.MySQL5InnoDBDialect
2021-05-16 18:22:34.953  INFO 26808 --- [main] o.h.e.t.j.p.i.JtaPlatformInitiator       : HHH000490: Using JtaPlatform implementation: [org.hibernate.engine.transaction.jta.platform.internal.NoJtaPlatform]
2021-05-16 18:22:34.971  INFO 26808 --- [main] j.LocalContainerEntityManagerFactoryBean : Initialized JPA EntityManagerFactory for persistence unit 'default'
2021-05-16 18:22:35.437  WARN 26808 --- [main] JpaBaseConfiguration$JpaWebConfiguration : spring.jpa.open-in-view is enabled by default. Therefore, database queries may be performed during view rendering. Explicitly configure spring.jpa.open-in-view to disable this warning
2021-05-16 18:22:35.994  INFO 26808 --- [main] o.s.s.concurrent.ThreadPoolTaskExecutor  : Initializing ExecutorService 'applicationTaskExecutor'
2021-05-16 18:22:36.973  INFO 26808 --- [main] o.s.b.t.m.w.SpringBootMockServletContext : Initializing Spring TestDispatcherServlet ''
2021-05-16 18:22:36.974  INFO 26808 --- [main] o.s.t.web.servlet.TestDispatcherServlet  : Initializing Servlet ''
2021-05-16 18:22:36.975  INFO 26808 --- [main] o.s.t.web.servlet.TestDispatcherServlet  : Completed initialization in 1 ms
2021-05-16 18:22:37.004  INFO 26808 --- [main] c.u.S.SpringBootRsApplicationTests       : Started SpringBootRsApplicationTests in 5.948 seconds (JVM running for 7.211)
2021-05-16 18:22:37.568  INFO 26808 --- [main] c.u.S.Controller.LibraryController       : book doesn't exist, so book is created
2021-05-16 18:22:37.625  INFO 26808 --- [main] c.u.S.Controller.LibraryController       : book doesn't exist, so book is created
2021-05-16 18:22:37.666  INFO 26808 --- [SpringContextShutdownHook] o.s.s.concurrent.ThreadPoolTaskExecutor  : Shutting down ExecutorService 'applicationTaskExecutor'
2021-05-16 18:22:37.668  INFO 26808 --- [SpringContextShutdownHook] j.LocalContainerEntityManagerFactoryBean : Closing JPA EntityManagerFactory for persistence unit 'default'
2021-05-16 18:22:37.672  INFO 26808 --- [SpringContextShutdownHook] com.zaxxer.hikari.HikariDataSource       : HikariPool-1 - Shutdown initiated...
2021-05-16 18:22:37.689  INFO 26808 --- [SpringContextShutdownHook] com.zaxxer.hikari.HikariDataSource       : HikariPool-1 - Shutdown completed.
2021-05-16 18:22:57.367  INFO 14112 --- [main] c.u.S.SpringBootRsApplicationTests       : Starting SpringBootRsApplicationTests using Java 11.0.11 on KenDestop-K2AH6RA with PID 14112 (started by knwoy in C:\Users\knwoy\Downloads\SpringBootRS)
2021-05-16 18:22:57.375  INFO 14112 --- [main] c.u.S.SpringBootRsApplicationTests       : No active profile set, falling back to default profiles: default
2021-05-16 18:22:58.411  INFO 14112 --- [main] .s.d.r.c.RepositoryConfigurationDelegate : Bootstrapping Spring Data JPA repositories in DEFAULT mode.
2021-05-16 18:22:58.479  INFO 14112 --- [main] .s.d.r.c.RepositoryConfigurationDelegate : Finished Spring Data repository scanning in 58 ms. Found 1 JPA repository interfaces.
2021-05-16 18:22:59.594  INFO 14112 --- [main] o.hibernate.jpa.internal.util.LogHelper  : HHH000204: Processing PersistenceUnitInfo [name: default]
2021-05-16 18:22:59.680  INFO 14112 --- [main] org.hibernate.Version                    : HHH000412: Hibernate ORM core version 5.4.30.Final
2021-05-16 18:22:59.729  INFO 14112 --- [main] o.hibernate.annotations.common.Version   : HCANN000001: Hibernate Commons Annotations {5.1.2.Final}
2021-05-16 18:23:00.082  INFO 14112 --- [main] com.zaxxer.hikari.HikariDataSource       : HikariPool-1 - Starting...
2021-05-16 18:23:00.453  INFO 14112 --- [main] com.zaxxer.hikari.HikariDataSource       : HikariPool-1 - Start completed.
2021-05-16 18:23:00.473  INFO 14112 --- [main] org.hibernate.dialect.Dialect            : HHH000400: Using dialect: org.hibernate.dialect.MySQL5InnoDBDialect
2021-05-16 18:23:01.047  INFO 14112 --- [main] o.h.e.t.j.p.i.JtaPlatformInitiator       : HHH000490: Using JtaPlatform implementation: [org.hibernate.engine.transaction.jta.platform.internal.NoJtaPlatform]
2021-05-16 18:23:01.058  INFO 14112 --- [main] j.LocalContainerEntityManagerFactoryBean : Initialized JPA EntityManagerFactory for persistence unit 'default'
2021-05-16 18:23:01.397  WARN 14112 --- [main] JpaBaseConfiguration$JpaWebConfiguration : spring.jpa.open-in-view is enabled by default. Therefore, database queries may be performed during view rendering. Explicitly configure spring.jpa.open-in-view to disable this warning
2021-05-16 18:23:01.688  INFO 14112 --- [main] o.s.s.concurrent.ThreadPoolTaskExecutor  : Initializing ExecutorService 'applicationTaskExecutor'
2021-05-16 18:23:02.224  INFO 14112 --- [main] o.s.b.t.m.w.SpringBootMockServletContext : Initializing Spring TestDispatcherServlet ''
2021-05-16 18:23:02.225  INFO 14112 --- [main] o.s.t.web.servlet.TestDispatcherServlet  : Initializing Servlet ''
2021-05-16 18:23:02.229  INFO 14112 --- [main] o.s.t.web.servlet.TestDispatcherServlet  : Completed initialization in 3 ms
2021-05-16 18:23:02.254  INFO 14112 --- [main] c.u.S.SpringBootRsApplicationTests       : Started SpringBootRsApplicationTests in 5.462 seconds (JVM running for 7.239)
2021-05-16 18:23:02.679  INFO 14112 --- [main] c.u.S.Controller.LibraryController       : book doesn't exist, so book is created
2021-05-16 18:23:02.734  INFO 14112 --- [main] c.u.S.Controller.LibraryController       : book doesn't exist, so book is created
2021-05-16 18:23:02.770  INFO 14112 --- [SpringContextShutdownHook] o.s.s.concurrent.ThreadPoolTaskExecutor  : Shutting down ExecutorService 'applicationTaskExecutor'
2021-05-16 18:23:02.771  INFO 14112 --- [SpringContextShutdownHook] j.LocalContainerEntityManagerFactoryBean : Closing JPA EntityManagerFactory for persistence unit 'default'
2021-05-16 18:23:02.774  INFO 14112 --- [SpringContextShutdownHook] com.zaxxer.hikari.HikariDataSource       : HikariPool-1 - Shutdown initiated...
2021-05-16 18:23:02.791  INFO 14112 --- [SpringContextShutdownHook] com.zaxxer.hikari.HikariDataSource       : HikariPool-1 - Shutdown completed.
2021-05-16 18:26:12.112  INFO 30940 --- [main] c.u.S.SpringBootRsApplicationTests       : Starting SpringBootRsApplicationTests using Java 11.0.11 on KenDestop-K2AH6RA with PID 30940 (started by knwoy in C:\Users\knwoy\Downloads\SpringBootRS)
2021-05-16 18:26:12.114  INFO 30940 --- [main] c.u.S.SpringBootRsApplicationTests       : No active profile set, falling back to default profiles: default
2021-05-16 18:26:12.842  INFO 30940 --- [main] .s.d.r.c.RepositoryConfigurationDelegate : Bootstrapping Spring Data JPA repositories in DEFAULT mode.
2021-05-16 18:26:12.907  INFO 30940 --- [main] .s.d.r.c.RepositoryConfigurationDelegate : Finished Spring Data repository scanning in 55 ms. Found 1 JPA repository interfaces.
2021-05-16 18:26:13.945  INFO 30940 --- [main] o.hibernate.jpa.internal.util.LogHelper  : HHH000204: Processing PersistenceUnitInfo [name: default]
2021-05-16 18:26:14.017  INFO 30940 --- [main] org.hibernate.Version                    : HHH000412: Hibernate ORM core version 5.4.30.Final
2021-05-16 18:26:14.071  INFO 30940 --- [main] o.hibernate.annotations.common.Version   : HCANN000001: Hibernate Commons Annotations {5.1.2.Final}
2021-05-16 18:26:14.419  INFO 30940 --- [main] com.zaxxer.hikari.HikariDataSource       : HikariPool-1 - Starting...
2021-05-16 18:26:14.764  INFO 30940 --- [main] com.zaxxer.hikari.HikariDataSource       : HikariPool-1 - Start completed.
2021-05-16 18:26:14.787  INFO 30940 --- [main] org.hibernate.dialect.Dialect            : HHH000400: Using dialect: org.hibernate.dialect.MySQL5InnoDBDialect
2021-05-16 18:26:15.381  INFO 30940 --- [main] o.h.e.t.j.p.i.JtaPlatformInitiator       : HHH000490: Using JtaPlatform implementation: [org.hibernate.engine.transaction.jta.platform.internal.NoJtaPlatform]
2021-05-16 18:26:15.393  INFO 30940 --- [main] j.LocalContainerEntityManagerFactoryBean : Initialized JPA EntityManagerFactory for persistence unit 'default'
2021-05-16 18:26:15.750  WARN 30940 --- [main] JpaBaseConfiguration$JpaWebConfiguration : spring.jpa.open-in-view is enabled by default. Therefore, database queries may be performed during view rendering. Explicitly configure spring.jpa.open-in-view to disable this warning
2021-05-16 18:26:16.094  INFO 30940 --- [main] o.s.s.concurrent.ThreadPoolTaskExecutor  : Initializing ExecutorService 'applicationTaskExecutor'
2021-05-16 18:26:16.723  INFO 30940 --- [main] o.s.b.t.m.w.SpringBootMockServletContext : Initializing Spring TestDispatcherServlet ''
2021-05-16 18:26:16.723  INFO 30940 --- [main] o.s.t.web.servlet.TestDispatcherServlet  : Initializing Servlet ''
2021-05-16 18:26:16.725  INFO 30940 --- [main] o.s.t.web.servlet.TestDispatcherServlet  : Completed initialization in 2 ms
2021-05-16 18:26:16.751  INFO 30940 --- [main] c.u.S.SpringBootRsApplicationTests       : Started SpringBootRsApplicationTests in 5.015 seconds (JVM running for 6.213)
2021-05-16 18:26:17.162  INFO 30940 --- [main] c.u.S.Controller.LibraryController       : Book is deleted
2021-05-16 18:26:17.180  INFO 30940 --- [main] c.u.S.Controller.LibraryController       : book doesn't exist, so book is created
2021-05-16 18:26:17.238  INFO 30940 --- [main] c.u.S.Controller.LibraryController       : book doesn't exist, so book is created
2021-05-16 18:26:17.280  INFO 30940 --- [SpringContextShutdownHook] o.s.s.concurrent.ThreadPoolTaskExecutor  : Shutting down ExecutorService 'applicationTaskExecutor'
2021-05-16 18:26:17.281  INFO 30940 --- [SpringContextShutdownHook] j.LocalContainerEntityManagerFactoryBean : Closing JPA EntityManagerFactory for persistence unit 'default'
2021-05-16 18:26:17.284  INFO 30940 --- [SpringContextShutdownHook] com.zaxxer.hikari.HikariDataSource       : HikariPool-1 - Shutdown initiated...
2021-05-16 18:26:17.300  INFO 30940 --- [SpringContextShutdownHook] com.zaxxer.hikari.HikariDataSource       : HikariPool-1 - Shutdown completed.
2021-05-16 18:55:19.392  INFO 23692 --- [main] c.u.S.SpringBootRsApplicationTests       : Starting SpringBootRsApplicationTests using Java 11.0.11 on KenDestop-K2AH6RA with PID 23692 (started by knwoy in C:\Users\knwoy\Downloads\SpringBootRS)
2021-05-16 18:55:19.395  INFO 23692 --- [main] c.u.S.SpringBootRsApplicationTests       : No active profile set, falling back to default profiles: default
2021-05-16 18:55:20.160  INFO 23692 --- [main] .s.d.r.c.RepositoryConfigurationDelegate : Bootstrapping Spring Data JPA repositories in DEFAULT mode.
2021-05-16 18:55:20.227  INFO 23692 --- [main] .s.d.r.c.RepositoryConfigurationDelegate : Finished Spring Data repository scanning in 56 ms. Found 1 JPA repository interfaces.
2021-05-16 18:55:21.315  INFO 23692 --- [main] o.hibernate.jpa.internal.util.LogHelper  : HHH000204: Processing PersistenceUnitInfo [name: default]
2021-05-16 18:55:21.382  INFO 23692 --- [main] org.hibernate.Version                    : HHH000412: Hibernate ORM core version 5.4.30.Final
2021-05-16 18:55:21.443  INFO 23692 --- [main] o.hibernate.annotations.common.Version   : HCANN000001: Hibernate Commons Annotations {5.1.2.Final}
2021-05-16 18:55:21.869  INFO 23692 --- [main] com.zaxxer.hikari.HikariDataSource       : HikariPool-1 - Starting...
2021-05-16 18:55:22.216  INFO 23692 --- [main] com.zaxxer.hikari.HikariDataSource       : HikariPool-1 - Start completed.
2021-05-16 18:55:22.237  INFO 23692 --- [main] org.hibernate.dialect.Dialect            : HHH000400: Using dialect: org.hibernate.dialect.MySQL5InnoDBDialect
2021-05-16 18:55:22.799  INFO 23692 --- [main] o.h.e.t.j.p.i.JtaPlatformInitiator       : HHH000490: Using JtaPlatform implementation: [org.hibernate.engine.transaction.jta.platform.internal.NoJtaPlatform]
2021-05-16 18:55:22.808  INFO 23692 --- [main] j.LocalContainerEntityManagerFactoryBean : Initialized JPA EntityManagerFactory for persistence unit 'default'
2021-05-16 18:55:23.143  WARN 23692 --- [main] JpaBaseConfiguration$JpaWebConfiguration : spring.jpa.open-in-view is enabled by default. Therefore, database queries may be performed during view rendering. Explicitly configure spring.jpa.open-in-view to disable this warning
2021-05-16 18:55:23.478  INFO 23692 --- [main] o.s.s.concurrent.ThreadPoolTaskExecutor  : Initializing ExecutorService 'applicationTaskExecutor'
2021-05-16 18:55:24.026  INFO 23692 --- [main] o.s.b.t.m.w.SpringBootMockServletContext : Initializing Spring TestDispatcherServlet ''
2021-05-16 18:55:24.026  INFO 23692 --- [main] o.s.t.web.servlet.TestDispatcherServlet  : Initializing Servlet ''
2021-05-16 18:55:24.028  INFO 23692 --- [main] o.s.t.web.servlet.TestDispatcherServlet  : Completed initialization in 1 ms
2021-05-16 18:55:24.054  INFO 23692 --- [main] c.u.S.SpringBootRsApplicationTests       : Started SpringBootRsApplicationTests in 5.0 seconds (JVM running for 6.096)
2021-05-16 18:55:24.501  INFO 23692 --- [main] c.u.S.Controller.LibraryController       : Book is deleted
2021-05-16 18:55:24.517  INFO 23692 --- [main] c.u.S.Controller.LibraryController       : book doesn't exist, so book is created
2021-05-16 18:55:24.577  INFO 23692 --- [main] c.u.S.Controller.LibraryController       : book doesn't exist, so book is created
2021-05-16 18:55:24.622  INFO 23692 --- [SpringContextShutdownHook] o.s.s.concurrent.ThreadPoolTaskExecutor  : Shutting down ExecutorService 'applicationTaskExecutor'
2021-05-16 18:55:24.623  INFO 23692 --- [SpringContextShutdownHook] j.LocalContainerEntityManagerFactoryBean : Closing JPA EntityManagerFactory for persistence unit 'default'
2021-05-16 18:55:24.626  INFO 23692 --- [SpringContextShutdownHook] com.zaxxer.hikari.HikariDataSource       : HikariPool-1 - Shutdown initiated...
2021-05-16 18:55:24.641  INFO 23692 --- [SpringContextShutdownHook] com.zaxxer.hikari.HikariDataSource       : HikariPool-1 - Shutdown completed.
